情報: Serverのバージョン名:     Apache Tomcat/8.5.58 [日 11 15 16:41:39 JST 2020]
情報: Server ビルド:            Sep 10 2020 21:45:33 UTC [日 11 15 16:41:39 JST 2020]
情報: サーバーのバージョン番号: 8.5.58.0 [日 11 15 16:41:39 JST 2020]
情報: OS 名:                    Mac OS X [日 11 15 16:41:39 JST 2020]
情報: OS バージョン:            10.15.7 [日 11 15 16:41:39 JST 2020]
情報: アーキテクチャ:           x86_64 [日 11 15 16:41:39 JST 2020]
情報: Java Home:                /Applications/Eclipse_2020-09.app/Contents/java/8/Home/jre [日 11 15 16:41:39 JST 2020]
情報: JVM バージョン:           1.8.0_202-b08 [日 11 15 16:41:39 JST 2020]
情報: JVM ベンダ:               Oracle Corporation [日 11 15 16:41:39 JST 2020]
情報: CATALINA_BASE:            /Users/kyousuke_kusano/LetsEngineer/curriculum/JavaStudy/.metadata/.plugins/org.eclipse.wst.server.core/tmp0 [日 11 15 16:41:39 JST 2020]
情報: CATALINA_HOME:            /Applications/Eclipse_2020-09.app/Contents/tomcat/8 [日 11 15 16:41:39 JST 2020]
情報: コマンドライン引数:       -Djava.ext.dirs=/Applications/Eclipse_2020-09.app/Contents/java/8/Home/jre/lib/ext [日 11 15 16:41:39 JST 2020]
情報: コマンドライン引数:       -Dcatalina.base=/Users/kyousuke_kusano/LetsEngineer/curriculum/JavaStudy/.metadata/.plugins/org.eclipse.wst.server.core/tmp0 [日 11 15 16:41:39 JST 2020]
情報: コマンドライン引数:       -Dcatalina.home=/Applications/Eclipse_2020-09.app/Contents/tomcat/8 [日 11 15 16:41:39 JST 2020]
情報: コマンドライン引数:       -Dwtp.deploy=/Users/kyousuke_kusano/LetsEngineer/curriculum/JavaStudy/.metadata/.plugins/org.eclipse.wst.server.core/tmp0/wtpwebapps [日 11 15 16:41:39 JST 2020]
情報: コマンドライン引数:       -Djava.endorsed.dirs=/Applications/Eclipse_2020-09.app/Contents/tomcat/8/endorsed [日 11 15 16:41:39 JST 2020]
情報: コマンドライン引数:       -Dfile.encoding=UTF-8 [日 11 15 16:41:39 JST 2020]
情報: 商用環境に最適な性能を発揮する APR ベースの Tomcat ネイティブライブラリが java.library.path [/Users/kyousuke_kusano/Library/Java/Extensions:/Library/Java/Extensions:/Network/Library/Java/Extensions:/System/Library/Java/Extensions:/usr/lib/java:.] に存在しません。 [日 11 15 16:41:39 JST 2020]
情報: プロトコルハンドラ ["http-nio-8080"] を初期化します。 [日 11 15 16:41:39 JST 2020]
情報: Using a shared selector for servlet write/read [日 11 15 16:41:39 JST 2020]
情報: Initialization processed in 470 ms [日 11 15 16:41:39 JST 2020]
情報: サービス [Catalina] を起動します [日 11 15 16:41:39 JST 2020]
情報: Starting Servlet Engine: Apache Tomcat/8.5.58 [日 11 15 16:41:39 JST 2020]
重大: 子コンテナーを開始できません。 [日 11 15 16:41:39 JST 2020]
重大: 子コンテナーを開始できません。 [日 11 15 16:41:39 JST 2020]
重大: 必要なサーバーコンポーネントを開始できなかったため、Tomcat を開始できませんでした。 [日 11 15 16:41:39 JST 2020]
情報: ProtocolHandler ["http-nio-8080"] を一時停止します。 [日 11 15 16:41:39 JST 2020]
情報: サービス [Catalina] を停止します [日 11 15 16:41:39 JST 2020]
情報: ProtocolHandler ["http-nio-8080"] を破棄します。 [日 11 15 16:41:39 JST 2020]
